<?xml version="1.0" encoding="UTF-8"?>
<!-- Generated by org.testng.reporters.JUnitReportReporter -->
<testsuite skipped="0" hostname="XPS13" name="com.mercury.testcases.TC6" tests="1" failures="0" timestamp="28 Jun 2020 20:14:50 GMT" time="2.251" errors="0">
  <testcase name="test_BillingAddressAndTicketless" time="2.251" classname="com.mercury.testcases.TC6"/>
</testsuite> <!-- com.mercury.testcases.TC6 -->
